<?xml version="1.0" encoding="UTF-8" standalone="no"?>
<testsuite failures="0" name="cucumber.runtime.formatter.JUnitFormatter" skipped="0" tests="1" time="3.430693">
<testcase classname="Mobiquity" name="Validate Users API" time="3.430693">
<system-out><![CDATA[Given I have access to UsersAPI.............................................passed
When I send Get request for the user "Delphine".............................passed
Then I should validate StatusCode...........................................passed
]]></system-out>
</testcase>
</testsuite>
